<?xml version="1.0" encoding="UTF-8"?>
<testsuite name="testing.GeneralTest" tests="39" skipped="0" failures="3" errors="0" timestamp="2023-05-02T09:04:54" hostname="AB-ASUS-1" time="0.655">
  <properties/>
  <testcase name="TestCookUserInteract" classname="testing.GeneralTest" time="0.001">
    <failure message="java.lang.AssertionError: expected [0] but found [1]" type="java.lang.AssertionError">java.lang.AssertionError: expected [0] but found [1]
	at org.testng.Assert.fail(Assert.java:97)
	at org.testng.Assert.assertEqualsImpl(Assert.java:136)
	at org.testng.Assert.assertEquals(Assert.java:118)
	at org.testng.Assert.assertEquals(Assert.java:839)
	at org.testng.Assert.assertEquals(Assert.java:849)
	at testing.GeneralTest.TestCookUserInteract(GeneralTest.java:170)
	at java.base/jdk.internal.reflect.NativeMethodAccessorImpl.invoke0(Native Method)
	at java.base/jdk.internal.reflect.NativeMethodAccessorImpl.invoke(NativeMethodAccessorImpl.java:77)
	at java.base/jdk.internal.reflect.DelegatingMethodAccessorImpl.invoke(DelegatingMethodAccessorImpl.java:43)
	at java.base/java.lang.reflect.Method.invoke(Method.java:568)
	at org.junit.runners.model.FrameworkMethod$1.runReflectiveCall(FrameworkMethod.java:59)
	at org.junit.internal.runners.model.ReflectiveCallable.run(ReflectiveCallable.java:12)
	at org.junit.runners.model.FrameworkMethod.invokeExplosively(FrameworkMethod.java:56)
	at org.junit.internal.runners.statements.InvokeMethod.evaluate(InvokeMethod.java:17)
	at org.junit.runners.ParentRunner$3.evaluate(ParentRunner.java:306)
	at org.junit.runners.BlockJUnit4ClassRunner$1.evaluate(BlockJUnit4ClassRunner.java:100)
	at org.junit.runners.ParentRunner.runLeaf(ParentRunner.java:366)
	at org.junit.runners.BlockJUnit4ClassRunner.runChild(BlockJUnit4ClassRunner.java:103)
	at testing.GdxTestRunner.render(GdxTestRunner.java:57)
	at com.badlogic.gdx.backends.headless.HeadlessApplication.mainLoop(HeadlessApplication.java:128)
	at com.badlogic.gdx.backends.headless.HeadlessApplication$1.run(HeadlessApplication.java:93)
</failure>
  </testcase>
  <testcase name="TestHoldItems" classname="testing.GeneralTest" time="0.001"/>
  <testcase name="testCustomerNewSetCustomerPoints" classname="testing.GeneralTest" time="0.001"/>
  <testcase name="TestGoldAddBalance" classname="testing.GeneralTest" time="0.0"/>
  <testcase name="TestFoodStackPeekStackCatchIndexOutOfBounds" classname="testing.GeneralTest" time="0.001"/>
  <testcase name="testCookInteractorCheckCollision" classname="testing.GeneralTest" time="0.02">
    <failure message="java.lang.NullPointerException: Cannot invoke &quot;game.GameScreen.getInteractables()&quot; because &quot;this.gameScreen&quot; is null" type="java.lang.NullPointerException">java.lang.NullPointerException: Cannot invoke &quot;game.GameScreen.getInteractables()&quot; because &quot;this.gameScreen&quot; is null
	at helper.CollisionHelper.stationCollisions(CollisionHelper.java:63)
	at helper.CollisionHelper.getInteract(CollisionHelper.java:87)
	at cooks.CookInteractor.checkCollisions(CookInteractor.java:118)
	at testing.GeneralTest.testCookInteractorCheckCollision(GeneralTest.java:85)
	at java.base/jdk.internal.reflect.NativeMethodAccessorImpl.invoke0(Native Method)
	at java.base/jdk.internal.reflect.NativeMethodAccessorImpl.invoke(NativeMethodAccessorImpl.java:77)
	at java.base/jdk.internal.reflect.DelegatingMethodAccessorImpl.invoke(DelegatingMethodAccessorImpl.java:43)
	at java.base/java.lang.reflect.Method.invoke(Method.java:568)
	at org.junit.runners.model.FrameworkMethod$1.runReflectiveCall(FrameworkMethod.java:59)
	at org.junit.internal.runners.model.ReflectiveCallable.run(ReflectiveCallable.java:12)
	at org.junit.runners.model.FrameworkMethod.invokeExplosively(FrameworkMethod.java:56)
	at org.junit.internal.runners.statements.InvokeMethod.evaluate(InvokeMethod.java:17)
	at org.junit.runners.ParentRunner$3.evaluate(ParentRunner.java:306)
	at org.junit.runners.BlockJUnit4ClassRunner$1.evaluate(BlockJUnit4ClassRunner.java:100)
	at org.junit.runners.ParentRunner.runLeaf(ParentRunner.java:366)
	at org.junit.runners.BlockJUnit4ClassRunner.runChild(BlockJUnit4ClassRunner.java:103)
	at testing.GdxTestRunner.render(GdxTestRunner.java:57)
	at com.badlogic.gdx.backends.headless.HeadlessApplication.mainLoop(HeadlessApplication.java:128)
	at com.badlogic.gdx.backends.headless.HeadlessApplication$1.run(HeadlessApplication.java:93)
</failure>
  </testcase>
  <testcase name="testCustomerNewMoveLeftDown" classname="testing.GeneralTest" time="0.0"/>
  <testcase name="testCustomerNewGetX" classname="testing.GeneralTest" time="0.0"/>
  <testcase name="testCustomerNewGetY" classname="testing.GeneralTest" time="0.0"/>
  <testcase name="testCustomerNewEnterCustomer" classname="testing.GeneralTest" time="0.001">
    <failure message="java.lang.AssertionError: expected [1] but found [0]" type="java.lang.AssertionError">java.lang.AssertionError: expected [1] but found [0]
	at org.testng.Assert.fail(Assert.java:97)
	at org.testng.Assert.assertEqualsImpl(Assert.java:136)
	at org.testng.Assert.assertEquals(Assert.java:118)
	at org.testng.Assert.assertEquals(Assert.java:839)
	at org.testng.Assert.assertEquals(Assert.java:849)
	at testing.GeneralTest.testCustomerNewEnterCustomer(GeneralTest.java:433)
	at java.base/jdk.internal.reflect.NativeMethodAccessorImpl.invoke0(Native Method)
	at java.base/jdk.internal.reflect.NativeMethodAccessorImpl.invoke(NativeMethodAccessorImpl.java:77)
	at java.base/jdk.internal.reflect.DelegatingMethodAccessorImpl.invoke(DelegatingMethodAccessorImpl.java:43)
	at java.base/java.lang.reflect.Method.invoke(Method.java:568)
	at org.junit.runners.model.FrameworkMethod$1.runReflectiveCall(FrameworkMethod.java:59)
	at org.junit.internal.runners.model.ReflectiveCallable.run(ReflectiveCallable.java:12)
	at org.junit.runners.model.FrameworkMethod.invokeExplosively(FrameworkMethod.java:56)
	at org.junit.internal.runners.statements.InvokeMethod.evaluate(InvokeMethod.java:17)
	at org.junit.runners.ParentRunner$3.evaluate(ParentRunner.java:306)
	at org.junit.runners.BlockJUnit4ClassRunner$1.evaluate(BlockJUnit4ClassRunner.java:100)
	at org.junit.runners.ParentRunner.runLeaf(ParentRunner.java:366)
	at org.junit.runners.BlockJUnit4ClassRunner.runChild(BlockJUnit4ClassRunner.java:103)
	at testing.GdxTestRunner.render(GdxTestRunner.java:57)
	at com.badlogic.gdx.backends.headless.HeadlessApplication.mainLoop(HeadlessApplication.java:128)
	at com.badlogic.gdx.backends.headless.HeadlessApplication$1.run(HeadlessApplication.java:93)
</failure>
  </testcase>
  <testcase name="TestCookRotate90C" classname="testing.GeneralTest" time="0.0"/>
  <testcase name="testSetDestination" classname="testing.GeneralTest" time="0.001"/>
  <testcase name="TestGetBlocked" classname="testing.GeneralTest" time="0.0"/>
  <testcase name="TestSetDir" classname="testing.GeneralTest" time="0.001"/>
  <testcase name="testDecreasePatience" classname="testing.GeneralTest" time="0.001"/>
  <testcase name="TestGoldGetInstance" classname="testing.GeneralTest" time="0.0"/>
  <testcase name="testServingStationCustomerInteract" classname="testing.GeneralTest" time="0.001"/>
  <testcase name="testCustomerNewCustomerInteract" classname="testing.GeneralTest" time="0.001"/>
  <testcase name="TestFoodStackSetStack" classname="testing.GeneralTest" time="0.0"/>
  <testcase name="testCookInteractorRelativeX" classname="testing.GeneralTest" time="0.001"/>
  <testcase name="testCookInteractorRelativeY" classname="testing.GeneralTest" time="0.0"/>
  <testcase name="testUpdatePosition" classname="testing.GeneralTest" time="0.001"/>
  <testcase name="TestCookSetColour" classname="testing.GeneralTest" time="0.001"/>
  <testcase name="TestCookUpdate" classname="testing.GeneralTest" time="0.0"/>
  <testcase name="testSetStationPosition" classname="testing.GeneralTest" time="0.0"/>
  <testcase name="TestChefFoodRelativeX" classname="testing.GeneralTest" time="0.0"/>
  <testcase name="TestChefFoodRelativeY" classname="testing.GeneralTest" time="0.0"/>
  <testcase name="testCookInteractorUpdatePosition" classname="testing.GeneralTest" time="0.0"/>
  <testcase name="testSetMapObstacles" classname="testing.GeneralTest" time="0.002"/>
  <testcase name="TestGetInputKey" classname="testing.GeneralTest" time="0.0"/>
  <testcase name="testsgetServingStationList" classname="testing.GeneralTest" time="0.0"/>
  <testcase name="TestFoodStackPopStackCatchIndexOutOfBounds" classname="testing.GeneralTest" time="0.0"/>
  <testcase name="TestFoodStackToString" classname="testing.GeneralTest" time="0.001"/>
  <testcase name="testsGetMapStations" classname="testing.GeneralTest" time="0.0"/>
  <testcase name="TestGoldSetandGetBalance" classname="testing.GeneralTest" time="0.0"/>
  <testcase name="testCustomerNewGetRequestName" classname="testing.GeneralTest" time="0.0"/>
  <testcase name="testUtilClass" classname="testing.GeneralTest" time="0.001"/>
  <testcase name="TestGetInputType" classname="testing.GeneralTest" time="0.0"/>
  <testcase name="TestCookOpposite" classname="testing.GeneralTest" time="0.001"/>
  <system-out><![CDATA[lettuce
lettuce
lettuce
lettuce
cooks.CustomerNew@12a5761d moving to point B------null------ (1.0,2.0)
peek
null
cooks.CustomerNew@27657c78 moving to point B------null------ (20.0,20.0)
cooks.CustomerNew@45d721ca moving to point B------null------ (1.0,2.0)
cooks.CustomerNew@7bb704e0 moving to point B------null------ (1.0,2.0)
cooks.CustomerNew@76773ee2 moving to point B------null------ (100.0,400.0)
cooks.CustomerNew@76773ee2 moving to point C------(100.0,200.0)------ (100.0,400.0)
cooks.CustomerNew@76773ee2 moving to point D------(1939.0,2913.0)------ (100.0,400.0)
cooks.CustomerNew@76773ee2 moving to point E------(19394.0,2872.0)------ (100.0,400.0)
cooks.CustomerNew@76773ee2 moving to point F------(1915.0,2872.0)------ (100.0,400.0)
cooks.CustomerNew@7a7d0ae8 moving to point B------null------ (1.0,2.0)
cooks.CustomerNew@6d8bd1c moving to point B------null------ (1.0,2.0)
cooks.CustomerNew@18fceea4 moving to point B------null------ (187.5,150.0)
cooks.CustomerNew@18fceea4will leave in 50.0
cooks.CustomerNew@18fceea4now will leave in 300.0
cooks.CustomerNew@18fceea4is rethinking
cooks.CustomerNew@5b8f90fa moving to point B------null------ (1.0,2.0)
cooks.CustomerNew@7ff61886 moving to point B------null------ (1.0,2.0)
cooks.CustomerNew@5db38510 moving to point B------null------ (1.0,2.0)
]]></system-out>
  <system-err><![CDATA[]]></system-err>
</testsuite>
