<?xml version="1.0" encoding="UTF-8"?>
<testsuite name="testing.GeneralTests" tests="43" skipped="0" failures="2" errors="0" timestamp="2023-05-02T21:47:47" hostname="Morgans-MacBook-Pro-2.local" time="0.7">
  <properties/>
  <testcase name="TestCookUserInteract" classname="testing.GeneralTests" time="0.001">
    <failure message="java.lang.AssertionError: expected [0] but found [1]" type="java.lang.AssertionError">java.lang.AssertionError: expected [0] but found [1]
	at org.testng.Assert.fail(Assert.java:97)
	at org.testng.Assert.assertEqualsImpl(Assert.java:136)
	at org.testng.Assert.assertEquals(Assert.java:118)
	at org.testng.Assert.assertEquals(Assert.java:839)
	at org.testng.Assert.assertEquals(Assert.java:849)
	at testing.GeneralTests.TestCookUserInteract(GeneralTests.java:115)
	at java.base/jdk.internal.reflect.NativeMethodAccessorImpl.invoke0(Native Method)
	at java.base/jdk.internal.reflect.NativeMethodAccessorImpl.invoke(NativeMethodAccessorImpl.java:77)
	at java.base/jdk.internal.reflect.DelegatingMethodAccessorImpl.invoke(DelegatingMethodAccessorImpl.java:43)
	at java.base/java.lang.reflect.Method.invoke(Method.java:568)
	at org.junit.runners.model.FrameworkMethod$1.runReflectiveCall(FrameworkMethod.java:59)
	at org.junit.internal.runners.model.ReflectiveCallable.run(ReflectiveCallable.java:12)
	at org.junit.runners.model.FrameworkMethod.invokeExplosively(FrameworkMethod.java:56)
	at org.junit.internal.runners.statements.InvokeMethod.evaluate(InvokeMethod.java:17)
	at org.junit.runners.ParentRunner$3.evaluate(ParentRunner.java:306)
	at org.junit.runners.BlockJUnit4ClassRunner$1.evaluate(BlockJUnit4ClassRunner.java:100)
	at org.junit.runners.ParentRunner.runLeaf(ParentRunner.java:366)
	at org.junit.runners.BlockJUnit4ClassRunner.runChild(BlockJUnit4ClassRunner.java:103)
	at testing.GdxTestRunner.render(GdxTestRunner.java:57)
	at com.badlogic.gdx.backends.headless.HeadlessApplication.mainLoop(HeadlessApplication.java:128)
	at com.badlogic.gdx.backends.headless.HeadlessApplication$1.run(HeadlessApplication.java:93)
</failure>
  </testcase>
  <testcase name="TestHoldItems" classname="testing.GeneralTests" time="0.0"/>
  <testcase name="testCustomerNewSetCustomerPoints" classname="testing.GeneralTests" time="0.0"/>
  <testcase name="testsGetServingStationList" classname="testing.GeneralTests" time="0.002"/>
  <testcase name="TestGoldAddBalance" classname="testing.GeneralTests" time="0.0"/>
  <testcase name="TestFoodStackPeekStackCatchIndexOutOfBounds" classname="testing.GeneralTests" time="0.0"/>
  <testcase name="testCustomerNewMoveLeftDown" classname="testing.GeneralTests" time="0.001"/>
  <testcase name="TestSetAndGetMode" classname="testing.GeneralTests" time="0.001"/>
  <testcase name="testCustomerNewGetX" classname="testing.GeneralTests" time="0.0"/>
  <testcase name="testCustomerNewGetY" classname="testing.GeneralTests" time="0.0"/>
  <testcase name="testCustomerNewEnterCustomer" classname="testing.GeneralTests" time="0.001">
    <failure message="java.lang.AssertionError: expected [1] but found [0]" type="java.lang.AssertionError">java.lang.AssertionError: expected [1] but found [0]
	at org.testng.Assert.fail(Assert.java:97)
	at org.testng.Assert.assertEqualsImpl(Assert.java:136)
	at org.testng.Assert.assertEquals(Assert.java:118)
	at org.testng.Assert.assertEquals(Assert.java:839)
	at org.testng.Assert.assertEquals(Assert.java:849)
	at testing.GeneralTests.testCustomerNewEnterCustomer(GeneralTests.java:376)
	at java.base/jdk.internal.reflect.NativeMethodAccessorImpl.invoke0(Native Method)
	at java.base/jdk.internal.reflect.NativeMethodAccessorImpl.invoke(NativeMethodAccessorImpl.java:77)
	at java.base/jdk.internal.reflect.DelegatingMethodAccessorImpl.invoke(DelegatingMethodAccessorImpl.java:43)
	at java.base/java.lang.reflect.Method.invoke(Method.java:568)
	at org.junit.runners.model.FrameworkMethod$1.runReflectiveCall(FrameworkMethod.java:59)
	at org.junit.internal.runners.model.ReflectiveCallable.run(ReflectiveCallable.java:12)
	at org.junit.runners.model.FrameworkMethod.invokeExplosively(FrameworkMethod.java:56)
	at org.junit.internal.runners.statements.InvokeMethod.evaluate(InvokeMethod.java:17)
	at org.junit.runners.ParentRunner$3.evaluate(ParentRunner.java:306)
	at org.junit.runners.BlockJUnit4ClassRunner$1.evaluate(BlockJUnit4ClassRunner.java:100)
	at org.junit.runners.ParentRunner.runLeaf(ParentRunner.java:366)
	at org.junit.runners.BlockJUnit4ClassRunner.runChild(BlockJUnit4ClassRunner.java:103)
	at testing.GdxTestRunner.render(GdxTestRunner.java:57)
	at com.badlogic.gdx.backends.headless.HeadlessApplication.mainLoop(HeadlessApplication.java:128)
	at com.badlogic.gdx.backends.headless.HeadlessApplication$1.run(HeadlessApplication.java:93)
</failure>
  </testcase>
  <testcase name="TestCookRotate90C" classname="testing.GeneralTests" time="0.001"/>
  <testcase name="testSetDestination" classname="testing.GeneralTests" time="0.001"/>
  <testcase name="TestGetBlocked" classname="testing.GeneralTests" time="0.0"/>
  <testcase name="TestSetDir" classname="testing.GeneralTests" time="0.0"/>
  <testcase name="testDecreasePatience" classname="testing.GeneralTests" time="0.0"/>
  <testcase name="TestAddCustomerCustomerPresent" classname="testing.GeneralTests" time="0.001"/>
  <testcase name="TestRemoveCustomer" classname="testing.GeneralTests" time="0.001"/>
  <testcase name="TestAddCustomerCustomersPresent" classname="testing.GeneralTests" time="0.0"/>
  <testcase name="TestGoldGetInstance" classname="testing.GeneralTests" time="0.001"/>
  <testcase name="testServingStationCustomerInteract" classname="testing.GeneralTests" time="0.0"/>
  <testcase name="TestFoodStackSetStack" classname="testing.GeneralTests" time="0.0"/>
  <testcase name="TestCookSetColour" classname="testing.GeneralTests" time="0.0"/>
  <testcase name="TestCookUpdate" classname="testing.GeneralTests" time="0.0"/>
  <testcase name="testSetStationPosition" classname="testing.GeneralTests" time="0.0"/>
  <testcase name="TestChefFoodRelativeX" classname="testing.GeneralTests" time="0.0"/>
  <testcase name="TestChefFoodRelativeY" classname="testing.GeneralTests" time="0.0"/>
  <testcase name="testSetMapObstacles" classname="testing.GeneralTests" time="0.0"/>
  <testcase name="TestGetInputKey" classname="testing.GeneralTests" time="0.0"/>
  <testcase name="TestFoodStackPopStackCatchIndexOutOfBounds" classname="testing.GeneralTests" time="0.0"/>
  <testcase name="TestGetStationKey" classname="testing.GeneralTests" time="0.0"/>
  <testcase name="TestMaxCustomersReached" classname="testing.GeneralTests" time="0.0"/>
  <testcase name="TestWonScenario" classname="testing.GeneralTests" time="0.001"/>
  <testcase name="TestFoodStackToString" classname="testing.GeneralTests" time="0.005"/>
  <testcase name="TestInitialiseStationCustomerMap" classname="testing.GeneralTests" time="0.0"/>
  <testcase name="testsGetMapStations" classname="testing.GeneralTests" time="0.0"/>
  <testcase name="TestGoldSetandGetBalance" classname="testing.GeneralTests" time="0.0"/>
  <testcase name="testCustomerNewGetRequestName" classname="testing.GeneralTests" time="0.0"/>
  <testcase name="TestGetCustomers" classname="testing.GeneralTests" time="0.0"/>
  <testcase name="testUtilClass" classname="testing.GeneralTests" time="0.001"/>
  <testcase name="TestGetInputType" classname="testing.GeneralTests" time="0.0"/>
  <testcase name="TestCookOpposite" classname="testing.GeneralTests" time="0.0"/>
  <testcase name="TestSetAndGetDifficulty" classname="testing.GeneralTests" time="0.0"/>
  <system-out><![CDATA[lettuce
lettuce
lettuce
lettuce
cooks.CustomerNew@53a6bdd2 moving to point B------null------ (1.0,2.0)
peek
cooks.CustomerNew@478e1fb5 moving to point B------null------ (20.0,20.0)
cooks.CustomerNew@7853608e moving to point B------null------ (1.0,2.0)
cooks.CustomerNew@750a5f90 moving to point B------null------ (1.0,2.0)
cooks.CustomerNew@49ccded4 moving to point B------null------ (100.0,400.0)
cooks.CustomerNew@49ccded4 moving to point C------(100.0,200.0)------ (100.0,400.0)
cooks.CustomerNew@49ccded4 moving to point D------(1939.0,2913.0)------ (100.0,400.0)
cooks.CustomerNew@49ccded4 moving to point E------(1939.4,2872.0)------ (100.0,400.0)
cooks.CustomerNew@49ccded4 moving to point F------(1915.0,2872.0)------ (100.0,400.0)
cooks.CustomerNew@7837b56d moving to point B------null------ (1.0,2.0)
cooks.CustomerNew@13c794fa moving to point B------null------ (1.0,2.0)
cooks.CustomerNew@52f67441 moving to point B------null------ (1.0,2.0)
interval 0
group size 1
no customer added!
cooks.CustomerNew@57ff2efa moving to point B------null------ (1.0,2.0)
cooks.CustomerNew@16cd72a2 moving to point B------null------ (1.0,2.0)
cooks.CustomerNew@6e2fef3c moving to point B------null------ (1.0,2.0)
cooks.CustomerNew@400994fd moving to point B------null------ (1.0,2.0)
cooks.CustomerNew@75e783c8 moving to point B------null------ (1.0,2.0)
cooks.CustomerNew@8c2b7b4 moving to point B------null------ (1.0,2.0)
interval 0
group size 1
no customer added this time!
cooks.CustomerNew@1985ef9f moving to point B------null------ (187.5,150.0)
cooks.CustomerNew@1985ef9fwill leave in 50.0
cooks.CustomerNew@1985ef9fnow will leave in 300.0
cooks.CustomerNew@1985ef9fis rethinking
cooks.CustomerNew@15a73e2e moving to point B------null------ (1.0,2.0)
cooks.CustomerNew@5c171691 moving to point B------null------ (1.0,2.0)
cooks.CustomerNew@77ba9316 moving to point B------null------ (1.0,2.0)
cooks.CustomerNew@5b409581 moving to point B------null------ (1.0,2.0)
cooks.CustomerNew@3f87a3e6 moving to point B------null------ (1.0,2.0)
cooks.CustomerNew@55b51943 moving to point B------null------ (1.0,2.0)
cooks.CustomerNew@76b412c0 moving to point B------null------ (1.0,2.0)
cooks.CustomerNew@29076d0a moving to point B------null------ (1.0,2.0)
cooks.CustomerNew@2b9d635f moving to point B------null------ (1.0,2.0)
cooks.CustomerNew@561f186e moving to point B------null------ (1.0,2.0)
customers left 2
customers left 1
customers left 0
cooks.CustomerNew@52ea08f moving to point B------null------ (1.0,2.0)
cooks.CustomerNew@4d89fb03 moving to point B------null------ (1.0,2.0)
]]></system-out>
  <system-err><![CDATA[]]></system-err>
</testsuite>
