<!DOCTYPE html>
<html>
<head>
<meta http-equiv="Content-Type" content="text/html; charset=utf-8"/>
<meta http-equiv="x-ua-compatible" content="IE=edge"/>
<title>Test results - Class testing.GeneralTests</title>
<link href="../css/base-style.css" rel="stylesheet" type="text/css"/>
<link href="../css/style.css" rel="stylesheet" type="text/css"/>
<script src="../js/report.js" type="text/javascript"></script>
</head>
<body>
<div id="content">
<h1>Class testing.GeneralTests</h1>
<div class="breadcrumbs">
<a href="../index.html">all</a> &gt; 
<a href="../packages/testing.html">testing</a> &gt; GeneralTests</div>
<div id="summary">
<table>
<tr>
<td>
<div class="summaryGroup">
<table>
<tr>
<td>
<div class="infoBox" id="tests">
<div class="counter">43</div>
<p>tests</p>
</div>
</td>
<td>
<div class="infoBox" id="failures">
<div class="counter">2</div>
<p>failures</p>
</div>
</td>
<td>
<div class="infoBox" id="ignored">
<div class="counter">0</div>
<p>ignored</p>
</div>
</td>
<td>
<div class="infoBox" id="duration">
<div class="counter">0.018s</div>
<p>duration</p>
</div>
</td>
</tr>
</table>
</div>
</td>
<td>
<div class="infoBox failures" id="successRate">
<div class="percent">95%</div>
<p>successful</p>
</div>
</td>
</tr>
</table>
</div>
<div id="tabs">
<ul class="tabLinks">
<li>
<a href="#tab0">Failed tests</a>
</li>
<li>
<a href="#tab1">Tests</a>
</li>
<li>
<a href="#tab2">Standard output</a>
</li>
</ul>
<div id="tab0" class="tab">
<h2>Failed tests</h2>
<div class="test">
<a name="TestCookUserInteract"></a>
<h3 class="failures">TestCookUserInteract</h3>
<span class="code">
<pre>java.lang.AssertionError: expected [0] but found [1]
	at org.testng.Assert.fail(Assert.java:97)
	at org.testng.Assert.assertEqualsImpl(Assert.java:136)
	at org.testng.Assert.assertEquals(Assert.java:118)
	at org.testng.Assert.assertEquals(Assert.java:839)
	at org.testng.Assert.assertEquals(Assert.java:849)
	at testing.GeneralTests.TestCookUserInteract(GeneralTests.java:115)
	at java.base/jdk.internal.reflect.NativeMethodAccessorImpl.invoke0(Native Method)
	at java.base/jdk.internal.reflect.NativeMethodAccessorImpl.invoke(NativeMethodAccessorImpl.java:77)
	at java.base/jdk.internal.reflect.DelegatingMethodAccessorImpl.invoke(DelegatingMethodAccessorImpl.java:43)
	at java.base/java.lang.reflect.Method.invoke(Method.java:568)
	at org.junit.runners.model.FrameworkMethod$1.runReflectiveCall(FrameworkMethod.java:59)
	at org.junit.internal.runners.model.ReflectiveCallable.run(ReflectiveCallable.java:12)
	at org.junit.runners.model.FrameworkMethod.invokeExplosively(FrameworkMethod.java:56)
	at org.junit.internal.runners.statements.InvokeMethod.evaluate(InvokeMethod.java:17)
	at org.junit.runners.ParentRunner$3.evaluate(ParentRunner.java:306)
	at org.junit.runners.BlockJUnit4ClassRunner$1.evaluate(BlockJUnit4ClassRunner.java:100)
	at org.junit.runners.ParentRunner.runLeaf(ParentRunner.java:366)
	at org.junit.runners.BlockJUnit4ClassRunner.runChild(BlockJUnit4ClassRunner.java:103)
	at testing.GdxTestRunner.render(GdxTestRunner.java:57)
	at com.badlogic.gdx.backends.headless.HeadlessApplication.mainLoop(HeadlessApplication.java:128)
	at com.badlogic.gdx.backends.headless.HeadlessApplication$1.run(HeadlessApplication.java:93)
</pre>
</span>
</div>
<div class="test">
<a name="testCustomerNewEnterCustomer"></a>
<h3 class="failures">testCustomerNewEnterCustomer</h3>
<span class="code">
<pre>java.lang.AssertionError: expected [1] but found [0]
	at org.testng.Assert.fail(Assert.java:97)
	at org.testng.Assert.assertEqualsImpl(Assert.java:136)
	at org.testng.Assert.assertEquals(Assert.java:118)
	at org.testng.Assert.assertEquals(Assert.java:839)
	at org.testng.Assert.assertEquals(Assert.java:849)
	at testing.GeneralTests.testCustomerNewEnterCustomer(GeneralTests.java:376)
	at java.base/jdk.internal.reflect.NativeMethodAccessorImpl.invoke0(Native Method)
	at java.base/jdk.internal.reflect.NativeMethodAccessorImpl.invoke(NativeMethodAccessorImpl.java:77)
	at java.base/jdk.internal.reflect.DelegatingMethodAccessorImpl.invoke(DelegatingMethodAccessorImpl.java:43)
	at java.base/java.lang.reflect.Method.invoke(Method.java:568)
	at org.junit.runners.model.FrameworkMethod$1.runReflectiveCall(FrameworkMethod.java:59)
	at org.junit.internal.runners.model.ReflectiveCallable.run(ReflectiveCallable.java:12)
	at org.junit.runners.model.FrameworkMethod.invokeExplosively(FrameworkMethod.java:56)
	at org.junit.internal.runners.statements.InvokeMethod.evaluate(InvokeMethod.java:17)
	at org.junit.runners.ParentRunner$3.evaluate(ParentRunner.java:306)
	at org.junit.runners.BlockJUnit4ClassRunner$1.evaluate(BlockJUnit4ClassRunner.java:100)
	at org.junit.runners.ParentRunner.runLeaf(ParentRunner.java:366)
	at org.junit.runners.BlockJUnit4ClassRunner.runChild(BlockJUnit4ClassRunner.java:103)
	at testing.GdxTestRunner.render(GdxTestRunner.java:57)
	at com.badlogic.gdx.backends.headless.HeadlessApplication.mainLoop(HeadlessApplication.java:128)
	at com.badlogic.gdx.backends.headless.HeadlessApplication$1.run(HeadlessApplication.java:93)
</pre>
</span>
</div>
</div>
<div id="tab1" class="tab">
<h2>Tests</h2>
<table>
<thead>
<tr>
<th>Test</th>
<th>Duration</th>
<th>Result</th>
</tr>
</thead>
<tr>
<td class="success">TestAddCustomerCustomerPresent</td>
<td class="success">0.001s</td>
<td class="success">passed</td>
</tr>
<tr>
<td class="success">TestAddCustomerCustomersPresent</td>
<td class="success">0s</td>
<td class="success">passed</td>
</tr>
<tr>
<td class="success">TestChefFoodRelativeX</td>
<td class="success">0s</td>
<td class="success">passed</td>
</tr>
<tr>
<td class="success">TestChefFoodRelativeY</td>
<td class="success">0s</td>
<td class="success">passed</td>
</tr>
<tr>
<td class="success">TestCookOpposite</td>
<td class="success">0s</td>
<td class="success">passed</td>
</tr>
<tr>
<td class="success">TestCookRotate90C</td>
<td class="success">0.001s</td>
<td class="success">passed</td>
</tr>
<tr>
<td class="success">TestCookSetColour</td>
<td class="success">0s</td>
<td class="success">passed</td>
</tr>
<tr>
<td class="success">TestCookUpdate</td>
<td class="success">0s</td>
<td class="success">passed</td>
</tr>
<tr>
<td class="failures">TestCookUserInteract</td>
<td class="failures">0.001s</td>
<td class="failures">failed</td>
</tr>
<tr>
<td class="success">TestFoodStackPeekStackCatchIndexOutOfBounds</td>
<td class="success">0s</td>
<td class="success">passed</td>
</tr>
<tr>
<td class="success">TestFoodStackPopStackCatchIndexOutOfBounds</td>
<td class="success">0s</td>
<td class="success">passed</td>
</tr>
<tr>
<td class="success">TestFoodStackSetStack</td>
<td class="success">0s</td>
<td class="success">passed</td>
</tr>
<tr>
<td class="success">TestFoodStackToString</td>
<td class="success">0.005s</td>
<td class="success">passed</td>
</tr>
<tr>
<td class="success">TestGetBlocked</td>
<td class="success">0s</td>
<td class="success">passed</td>
</tr>
<tr>
<td class="success">TestGetCustomers</td>
<td class="success">0s</td>
<td class="success">passed</td>
</tr>
<tr>
<td class="success">TestGetInputKey</td>
<td class="success">0s</td>
<td class="success">passed</td>
</tr>
<tr>
<td class="success">TestGetInputType</td>
<td class="success">0s</td>
<td class="success">passed</td>
</tr>
<tr>
<td class="success">TestGetStationKey</td>
<td class="success">0s</td>
<td class="success">passed</td>
</tr>
<tr>
<td class="success">TestGoldAddBalance</td>
<td class="success">0s</td>
<td class="success">passed</td>
</tr>
<tr>
<td class="success">TestGoldGetInstance</td>
<td class="success">0.001s</td>
<td class="success">passed</td>
</tr>
<tr>
<td class="success">TestGoldSetandGetBalance</td>
<td class="success">0s</td>
<td class="success">passed</td>
</tr>
<tr>
<td class="success">TestHoldItems</td>
<td class="success">0s</td>
<td class="success">passed</td>
</tr>
<tr>
<td class="success">TestInitialiseStationCustomerMap</td>
<td class="success">0s</td>
<td class="success">passed</td>
</tr>
<tr>
<td class="success">TestMaxCustomersReached</td>
<td class="success">0s</td>
<td class="success">passed</td>
</tr>
<tr>
<td class="success">TestRemoveCustomer</td>
<td class="success">0.001s</td>
<td class="success">passed</td>
</tr>
<tr>
<td class="success">TestSetAndGetDifficulty</td>
<td class="success">0s</td>
<td class="success">passed</td>
</tr>
<tr>
<td class="success">TestSetAndGetMode</td>
<td class="success">0.001s</td>
<td class="success">passed</td>
</tr>
<tr>
<td class="success">TestSetDir</td>
<td class="success">0s</td>
<td class="success">passed</td>
</tr>
<tr>
<td class="success">TestWonScenario</td>
<td class="success">0.001s</td>
<td class="success">passed</td>
</tr>
<tr>
<td class="failures">testCustomerNewEnterCustomer</td>
<td class="failures">0.001s</td>
<td class="failures">failed</td>
</tr>
<tr>
<td class="success">testCustomerNewGetRequestName</td>
<td class="success">0s</td>
<td class="success">passed</td>
</tr>
<tr>
<td class="success">testCustomerNewGetX</td>
<td class="success">0s</td>
<td class="success">passed</td>
</tr>
<tr>
<td class="success">testCustomerNewGetY</td>
<td class="success">0s</td>
<td class="success">passed</td>
</tr>
<tr>
<td class="success">testCustomerNewMoveLeftDown</td>
<td class="success">0.001s</td>
<td class="success">passed</td>
</tr>
<tr>
<td class="success">testCustomerNewSetCustomerPoints</td>
<td class="success">0s</td>
<td class="success">passed</td>
</tr>
<tr>
<td class="success">testDecreasePatience</td>
<td class="success">0s</td>
<td class="success">passed</td>
</tr>
<tr>
<td class="success">testServingStationCustomerInteract</td>
<td class="success">0s</td>
<td class="success">passed</td>
</tr>
<tr>
<td class="success">testSetDestination</td>
<td class="success">0.001s</td>
<td class="success">passed</td>
</tr>
<tr>
<td class="success">testSetMapObstacles</td>
<td class="success">0s</td>
<td class="success">passed</td>
</tr>
<tr>
<td class="success">testSetStationPosition</td>
<td class="success">0s</td>
<td class="success">passed</td>
</tr>
<tr>
<td class="success">testUtilClass</td>
<td class="success">0.001s</td>
<td class="success">passed</td>
</tr>
<tr>
<td class="success">testsGetMapStations</td>
<td class="success">0s</td>
<td class="success">passed</td>
</tr>
<tr>
<td class="success">testsGetServingStationList</td>
<td class="success">0.002s</td>
<td class="success">passed</td>
</tr>
</table>
</div>
<div id="tab2" class="tab">
<h2>Standard output</h2>
<span class="code">
<pre>lettuce
lettuce
lettuce
lettuce
cooks.CustomerNew@53a6bdd2 moving to point B------null------ (1.0,2.0)
peek
cooks.CustomerNew@478e1fb5 moving to point B------null------ (20.0,20.0)
cooks.CustomerNew@7853608e moving to point B------null------ (1.0,2.0)
cooks.CustomerNew@750a5f90 moving to point B------null------ (1.0,2.0)
cooks.CustomerNew@49ccded4 moving to point B------null------ (100.0,400.0)
cooks.CustomerNew@49ccded4 moving to point C------(100.0,200.0)------ (100.0,400.0)
cooks.CustomerNew@49ccded4 moving to point D------(1939.0,2913.0)------ (100.0,400.0)
cooks.CustomerNew@49ccded4 moving to point E------(1939.4,2872.0)------ (100.0,400.0)
cooks.CustomerNew@49ccded4 moving to point F------(1915.0,2872.0)------ (100.0,400.0)
cooks.CustomerNew@7837b56d moving to point B------null------ (1.0,2.0)
cooks.CustomerNew@13c794fa moving to point B------null------ (1.0,2.0)
cooks.CustomerNew@52f67441 moving to point B------null------ (1.0,2.0)
interval 0
group size 1
no customer added!
cooks.CustomerNew@57ff2efa moving to point B------null------ (1.0,2.0)
cooks.CustomerNew@16cd72a2 moving to point B------null------ (1.0,2.0)
cooks.CustomerNew@6e2fef3c moving to point B------null------ (1.0,2.0)
cooks.CustomerNew@400994fd moving to point B------null------ (1.0,2.0)
cooks.CustomerNew@75e783c8 moving to point B------null------ (1.0,2.0)
cooks.CustomerNew@8c2b7b4 moving to point B------null------ (1.0,2.0)
interval 0
group size 1
no customer added this time!
cooks.CustomerNew@1985ef9f moving to point B------null------ (187.5,150.0)
cooks.CustomerNew@1985ef9fwill leave in 50.0
cooks.CustomerNew@1985ef9fnow will leave in 300.0
cooks.CustomerNew@1985ef9fis rethinking
cooks.CustomerNew@15a73e2e moving to point B------null------ (1.0,2.0)
cooks.CustomerNew@5c171691 moving to point B------null------ (1.0,2.0)
cooks.CustomerNew@77ba9316 moving to point B------null------ (1.0,2.0)
cooks.CustomerNew@5b409581 moving to point B------null------ (1.0,2.0)
cooks.CustomerNew@3f87a3e6 moving to point B------null------ (1.0,2.0)
cooks.CustomerNew@55b51943 moving to point B------null------ (1.0,2.0)
cooks.CustomerNew@76b412c0 moving to point B------null------ (1.0,2.0)
cooks.CustomerNew@29076d0a moving to point B------null------ (1.0,2.0)
cooks.CustomerNew@2b9d635f moving to point B------null------ (1.0,2.0)
cooks.CustomerNew@561f186e moving to point B------null------ (1.0,2.0)
customers left 2
customers left 1
customers left 0
cooks.CustomerNew@52ea08f moving to point B------null------ (1.0,2.0)
cooks.CustomerNew@4d89fb03 moving to point B------null------ (1.0,2.0)
</pre>
</span>
</div>
</div>
<div id="footer">
<p>
<div>
<label class="hidden" id="label-for-line-wrapping-toggle" for="line-wrapping-toggle">Wrap lines
<input id="line-wrapping-toggle" type="checkbox" autocomplete="off"/>
</label>
</div>Generated by 
<a href="http://www.gradle.org">Gradle 7.5.1</a> at 2 May 2023, 22:47:59</p>
</div>
</div>
</body>
</html>
